---------------------------------------------------------------
[ 2018-06-12T15:22:44+08:00 ] 0.0.0.0 GET /www.weixin.com/public/
[ info ] localhost/www.weixin.com/public/ [运行时间：0.043003s][吞吐率：23.25req/s] [内存消耗：1,859.33kb] [文件加载：37]
[ info ] [ LANG ] E:\phpstud\WWW\www.weixin.com\thinkphp\lang\zh-cn.php
[ info ] [ ROUTE ] array (
  'type' => 'module',
  'module' => 
  array (
    0 => '',
    1 => NULL,
    2 => NULL,
  ),
)
[ info ] [ HEADER ] array (
  'host' => 'localhost',
  'connection' => 'keep-alive',
  'cache-control' => 'max-age=0',
  'upgrade-insecure-requests' => '1',
  'user-agent' => 'Mozilla/5.0 (Windows NT 6.1; Win64; x64) AppleWebKit/537.36 (KHTML, like Gecko) Chrome/67.0.3396.62 Safari/537.36',
  'accept' => 'text/html,application/xhtml+xml,application/xml;q=0.9,image/webp,image/apng,*/*;q=0.8',
  'referer' => 'http://localhost/www.weixin.com/',
  'accept-encoding' => 'gzip, deflate, br',
  'accept-language' => 'zh-CN,zh;q=0.9',
  'cookie' => 'pgv_pvi=9522552832; pgv_si=s9646210048',
)
[ info ] [ PARAM ] array (
)
[ info ] [ RUN ] app\index\controller\Index->index[ E:\phpstud\WWW\www.weixin.com\application\index\controller\Index.php ]
[ info ] [ DB ] INIT mysql
[ info ] [ LOG ] INIT File
[ sql ] [ DB ] CONNECT:[ UseTime:0.001000s ] mysql:host=127.0.0.1;dbname=mytp;charset=utf8
[ sql ] [ SQL ] SHOW COLUMNS FROM `pingtuan` [ RunTime:0.006000s ]
[ sql ] [ SQL ] SELECT * FROM `pingtuan` WHERE  `id` = 1 LIMIT 1 [ RunTime:0.000000s ]
[ error ] [1]Call to undefined method app\index\controller\Index::fetch()[E:\phpstud\WWW\www.weixin.com\application\index\controller\Index.php:28]
---------------------------------------------------------------
[ 2018-06-12T15:24:16+08:00 ] 0.0.0.0 GET /www.weixin.com/public/
[ info ] localhost/www.weixin.com/public/ [运行时间：0.044003s][吞吐率：22.73req/s] [内存消耗：1,859.32kb] [文件加载：37]
[ info ] [ LANG ] E:\phpstud\WWW\www.weixin.com\thinkphp\lang\zh-cn.php
[ info ] [ ROUTE ] array (
  'type' => 'module',
  'module' => 
  array (
    0 => '',
    1 => NULL,
    2 => NULL,
  ),
)
[ info ] [ HEADER ] array (
  'host' => 'localhost',
  'connection' => 'keep-alive',
  'cache-control' => 'max-age=0',
  'upgrade-insecure-requests' => '1',
  'user-agent' => 'Mozilla/5.0 (Windows NT 6.1; Win64; x64) AppleWebKit/537.36 (KHTML, like Gecko) Chrome/67.0.3396.62 Safari/537.36',
  'accept' => 'text/html,application/xhtml+xml,application/xml;q=0.9,image/webp,image/apng,*/*;q=0.8',
  'referer' => 'http://localhost/www.weixin.com/',
  'accept-encoding' => 'gzip, deflate, br',
  'accept-language' => 'zh-CN,zh;q=0.9',
  'cookie' => 'pgv_pvi=9522552832; pgv_si=s9646210048',
)
[ info ] [ PARAM ] array (
)
[ info ] [ RUN ] app\index\controller\Index->index[ E:\phpstud\WWW\www.weixin.com\application\index\controller\Index.php ]
[ info ] [ DB ] INIT mysql
[ info ] [ LOG ] INIT File
[ sql ] [ DB ] CONNECT:[ UseTime:0.002000s ] mysql:host=127.0.0.1;dbname=mytp;charset=utf8
[ sql ] [ SQL ] SHOW COLUMNS FROM `pingtuan` [ RunTime:0.006001s ]
[ sql ] [ SQL ] SELECT * FROM `pingtuan` WHERE  `id` = 1 LIMIT 1 [ RunTime:0.001000s ]
[ error ] [1]Call to undefined method app\index\controller\Index::fetch()[E:\phpstud\WWW\www.weixin.com\application\index\controller\Index.php:28]
---------------------------------------------------------------
[ 2018-06-12T15:24:16+08:00 ] 0.0.0.0 GET /www.weixin.com/public/
[ info ] localhost/www.weixin.com/public/ [运行时间：0.063004s][吞吐率：15.87req/s] [内存消耗：1,859.32kb] [文件加载：37]
[ info ] [ LANG ] E:\phpstud\WWW\www.weixin.com\thinkphp\lang\zh-cn.php
[ info ] [ ROUTE ] array (
  'type' => 'module',
  'module' => 
  array (
    0 => '',
    1 => NULL,
    2 => NULL,
  ),
)
[ info ] [ HEADER ] array (
  'host' => 'localhost',
  'connection' => 'keep-alive',
  'cache-control' => 'max-age=0',
  'upgrade-insecure-requests' => '1',
  'user-agent' => 'Mozilla/5.0 (Windows NT 6.1; Win64; x64) AppleWebKit/537.36 (KHTML, like Gecko) Chrome/67.0.3396.62 Safari/537.36',
  'accept' => 'text/html,application/xhtml+xml,application/xml;q=0.9,image/webp,image/apng,*/*;q=0.8',
  'referer' => 'http://localhost/www.weixin.com/',
  'accept-encoding' => 'gzip, deflate, br',
  'accept-language' => 'zh-CN,zh;q=0.9',
  'cookie' => 'pgv_pvi=9522552832; pgv_si=s9646210048',
)
[ info ] [ PARAM ] array (
)
[ info ] [ RUN ] app\index\controller\Index->index[ E:\phpstud\WWW\www.weixin.com\application\index\controller\Index.php ]
[ info ] [ DB ] INIT mysql
[ info ] [ LOG ] INIT File
[ sql ] [ DB ] CONNECT:[ UseTime:0.010000s ] mysql:host=127.0.0.1;dbname=mytp;charset=utf8
[ sql ] [ SQL ] SHOW COLUMNS FROM `pingtuan` [ RunTime:0.003000s ]
[ sql ] [ SQL ] SELECT * FROM `pingtuan` WHERE  `id` = 1 LIMIT 1 [ RunTime:0.000000s ]
[ error ] [1]Call to undefined method app\index\controller\Index::fetch()[E:\phpstud\WWW\www.weixin.com\application\index\controller\Index.php:28]
---------------------------------------------------------------
[ 2018-06-12T15:24:17+08:00 ] 0.0.0.0 GET /www.weixin.com/public/
[ info ] localhost/www.weixin.com/public/ [运行时间：0.037002s][吞吐率：27.03req/s] [内存消耗：1,859.32kb] [文件加载：37]
[ info ] [ LANG ] E:\phpstud\WWW\www.weixin.com\thinkphp\lang\zh-cn.php
[ info ] [ ROUTE ] array (
  'type' => 'module',
  'module' => 
  array (
    0 => '',
    1 => NULL,
    2 => NULL,
  ),
)
[ info ] [ HEADER ] array (
  'host' => 'localhost',
  'connection' => 'keep-alive',
  'cache-control' => 'max-age=0',
  'upgrade-insecure-requests' => '1',
  'user-agent' => 'Mozilla/5.0 (Windows NT 6.1; Win64; x64) AppleWebKit/537.36 (KHTML, like Gecko) Chrome/67.0.3396.62 Safari/537.36',
  'accept' => 'text/html,application/xhtml+xml,application/xml;q=0.9,image/webp,image/apng,*/*;q=0.8',
  'referer' => 'http://localhost/www.weixin.com/',
  'accept-encoding' => 'gzip, deflate, br',
  'accept-language' => 'zh-CN,zh;q=0.9',
  'cookie' => 'pgv_pvi=9522552832; pgv_si=s9646210048',
)
[ info ] [ PARAM ] array (
)
[ info ] [ RUN ] app\index\controller\Index->index[ E:\phpstud\WWW\www.weixin.com\application\index\controller\Index.php ]
[ info ] [ DB ] INIT mysql
[ info ] [ LOG ] INIT File
[ sql ] [ DB ] CONNECT:[ UseTime:0.001000s ] mysql:host=127.0.0.1;dbname=mytp;charset=utf8
[ sql ] [ SQL ] SHOW COLUMNS FROM `pingtuan` [ RunTime:0.005000s ]
[ sql ] [ SQL ] SELECT * FROM `pingtuan` WHERE  `id` = 1 LIMIT 1 [ RunTime:0.001000s ]
[ error ] [1]Call to undefined method app\index\controller\Index::fetch()[E:\phpstud\WWW\www.weixin.com\application\index\controller\Index.php:28]
---------------------------------------------------------------
[ 2018-06-12T15:24:17+08:00 ] 0.0.0.0 GET /www.weixin.com/public/
[ info ] localhost/www.weixin.com/public/ [运行时间：0.038002s][吞吐率：26.31req/s] [内存消耗：1,859.32kb] [文件加载：37]
[ info ] [ LANG ] E:\phpstud\WWW\www.weixin.com\thinkphp\lang\zh-cn.php
[ info ] [ ROUTE ] array (
  'type' => 'module',
  'module' => 
  array (
    0 => '',
    1 => NULL,
    2 => NULL,
  ),
)
[ info ] [ HEADER ] array (
  'host' => 'localhost',
  'connection' => 'keep-alive',
  'cache-control' => 'max-age=0',
  'upgrade-insecure-requests' => '1',
  'user-agent' => 'Mozilla/5.0 (Windows NT 6.1; Win64; x64) AppleWebKit/537.36 (KHTML, like Gecko) Chrome/67.0.3396.62 Safari/537.36',
  'accept' => 'text/html,application/xhtml+xml,application/xml;q=0.9,image/webp,image/apng,*/*;q=0.8',
  'referer' => 'http://localhost/www.weixin.com/',
  'accept-encoding' => 'gzip, deflate, br',
  'accept-language' => 'zh-CN,zh;q=0.9',
  'cookie' => 'pgv_pvi=9522552832; pgv_si=s9646210048',
)
[ info ] [ PARAM ] array (
)
[ info ] [ RUN ] app\index\controller\Index->index[ E:\phpstud\WWW\www.weixin.com\application\index\controller\Index.php ]
[ info ] [ DB ] INIT mysql
[ info ] [ LOG ] INIT File
[ sql ] [ DB ] CONNECT:[ UseTime:0.001000s ] mysql:host=127.0.0.1;dbname=mytp;charset=utf8
[ sql ] [ SQL ] SHOW COLUMNS FROM `pingtuan` [ RunTime:0.004001s ]
[ sql ] [ SQL ] SELECT * FROM `pingtuan` WHERE  `id` = 1 LIMIT 1 [ RunTime:0.001000s ]
[ error ] [1]Call to undefined method app\index\controller\Index::fetch()[E:\phpstud\WWW\www.weixin.com\application\index\controller\Index.php:28]
---------------------------------------------------------------
[ 2018-06-12T15:29:34+08:00 ] 0.0.0.0 GET /www.weixin.com/public/
[ info ] localhost/www.weixin.com/public/ [运行时间：0.053003s][吞吐率：18.87req/s] [内存消耗：1,859.30kb] [文件加载：37]
[ info ] [ LANG ] E:\phpstud\WWW\www.weixin.com\thinkphp\lang\zh-cn.php
[ info ] [ ROUTE ] array (
  'type' => 'module',
  'module' => 
  array (
    0 => '',
    1 => NULL,
    2 => NULL,
  ),
)
[ info ] [ HEADER ] array (
  'host' => 'localhost',
  'connection' => 'keep-alive',
  'cache-control' => 'max-age=0',
  'upgrade-insecure-requests' => '1',
  'user-agent' => 'Mozilla/5.0 (Windows NT 6.1; Win64; x64) AppleWebKit/537.36 (KHTML, like Gecko) Chrome/67.0.3396.62 Safari/537.36',
  'accept' => 'text/html,application/xhtml+xml,application/xml;q=0.9,image/webp,image/apng,*/*;q=0.8',
  'referer' => 'http://localhost/www.weixin.com/',
  'accept-encoding' => 'gzip, deflate, br',
  'accept-language' => 'zh-CN,zh;q=0.9',
  'cookie' => 'pgv_pvi=9522552832; pgv_si=s9646210048',
)
[ info ] [ PARAM ] array (
)
[ info ] [ RUN ] app\index\controller\Index->index[ E:\phpstud\WWW\www.weixin.com\application\index\controller\Index.php ]
[ info ] [ DB ] INIT mysql
[ info ] [ LOG ] INIT File
[ sql ] [ DB ] CONNECT:[ UseTime:0.001000s ] mysql:host=127.0.0.1;dbname=mytp;charset=utf8
[ sql ] [ SQL ] SHOW COLUMNS FROM `pingtuan` [ RunTime:0.004000s ]
[ sql ] [ SQL ] SELECT * FROM `pingtuan` WHERE  `id` = 1 LIMIT 1 [ RunTime:0.001000s ]
[ error ] [1]Call to undefined method app\index\controller\Index::fetch()[E:\phpstud\WWW\www.weixin.com\application\index\controller\Index.php:28]
---------------------------------------------------------------
[ 2018-06-12T15:30:49+08:00 ] 0.0.0.0 GET /www.weixin.com/public/
[ info ] localhost/www.weixin.com/public/ [运行时间：0.040002s][吞吐率：25.00req/s] [内存消耗：1,859.61kb] [文件加载：37]
[ info ] [ LANG ] E:\phpstud\WWW\www.weixin.com\thinkphp\lang\zh-cn.php
[ info ] [ ROUTE ] array (
  'type' => 'module',
  'module' => 
  array (
    0 => '',
    1 => NULL,
    2 => NULL,
  ),
)
[ info ] [ HEADER ] array (
  'host' => 'localhost',
  'connection' => 'keep-alive',
  'cache-control' => 'max-age=0',
  'upgrade-insecure-requests' => '1',
  'user-agent' => 'Mozilla/5.0 (Windows NT 6.1; Win64; x64) AppleWebKit/537.36 (KHTML, like Gecko) Chrome/67.0.3396.62 Safari/537.36',
  'accept' => 'text/html,application/xhtml+xml,application/xml;q=0.9,image/webp,image/apng,*/*;q=0.8',
  'referer' => 'http://localhost/www.weixin.com/',
  'accept-encoding' => 'gzip, deflate, br',
  'accept-language' => 'zh-CN,zh;q=0.9',
  'cookie' => 'pgv_pvi=9522552832; pgv_si=s9646210048',
)
[ info ] [ PARAM ] array (
)
[ info ] [ RUN ] app\index\controller\Index->index[ E:\phpstud\WWW\www.weixin.com\application\index\controller\Index.php ]
[ info ] [ DB ] INIT mysql
[ info ] [ LOG ] INIT File
[ sql ] [ DB ] CONNECT:[ UseTime:0.000000s ] mysql:host=127.0.0.1;dbname=mytp;charset=utf8
[ sql ] [ SQL ] SHOW COLUMNS FROM `pingtuan` [ RunTime:0.004001s ]
[ sql ] [ SQL ] SELECT * FROM `pingtuan` WHERE  `id` = 1 LIMIT 1 [ RunTime:0.000000s ]
[ error ] [1]Call to undefined method app\index\controller\Index::fetch()[E:\phpstud\WWW\www.weixin.com\application\index\controller\Index.php:28]
---------------------------------------------------------------
[ 2018-06-12T15:30:50+08:00 ] 0.0.0.0 GET /www.weixin.com/public/
[ info ] localhost/www.weixin.com/public/ [运行时间：0.052003s][吞吐率：19.23req/s] [内存消耗：1,859.61kb] [文件加载：37]
[ info ] [ LANG ] E:\phpstud\WWW\www.weixin.com\thinkphp\lang\zh-cn.php
[ info ] [ ROUTE ] array (
  'type' => 'module',
  'module' => 
  array (
    0 => '',
    1 => NULL,
    2 => NULL,
  ),
)
[ info ] [ HEADER ] array (
  'host' => 'localhost',
  'connection' => 'keep-alive',
  'cache-control' => 'max-age=0',
  'upgrade-insecure-requests' => '1',
  'user-agent' => 'Mozilla/5.0 (Windows NT 6.1; Win64; x64) AppleWebKit/537.36 (KHTML, like Gecko) Chrome/67.0.3396.62 Safari/537.36',
  'accept' => 'text/html,application/xhtml+xml,application/xml;q=0.9,image/webp,image/apng,*/*;q=0.8',
  'referer' => 'http://localhost/www.weixin.com/',
  'accept-encoding' => 'gzip, deflate, br',
  'accept-language' => 'zh-CN,zh;q=0.9',
  'cookie' => 'pgv_pvi=9522552832; pgv_si=s9646210048',
)
[ info ] [ PARAM ] array (
)
[ info ] [ RUN ] app\index\controller\Index->index[ E:\phpstud\WWW\www.weixin.com\application\index\controller\Index.php ]
[ info ] [ DB ] INIT mysql
[ info ] [ LOG ] INIT File
[ sql ] [ DB ] CONNECT:[ UseTime:0.001000s ] mysql:host=127.0.0.1;dbname=mytp;charset=utf8
[ sql ] [ SQL ] SHOW COLUMNS FROM `pingtuan` [ RunTime:0.004000s ]
[ sql ] [ SQL ] SELECT * FROM `pingtuan` WHERE  `id` = 1 LIMIT 1 [ RunTime:0.000000s ]
[ error ] [1]Call to undefined method app\index\controller\Index::fetch()[E:\phpstud\WWW\www.weixin.com\application\index\controller\Index.php:28]
---------------------------------------------------------------
[ 2018-06-12T15:30:50+08:00 ] 0.0.0.0 GET /www.weixin.com/public/
[ info ] localhost/www.weixin.com/public/ [运行时间：0.047003s][吞吐率：21.28req/s] [内存消耗：1,859.61kb] [文件加载：37]
[ info ] [ LANG ] E:\phpstud\WWW\www.weixin.com\thinkphp\lang\zh-cn.php
[ info ] [ ROUTE ] array (
  'type' => 'module',
  'module' => 
  array (
    0 => '',
    1 => NULL,
    2 => NULL,
  ),
)
[ info ] [ HEADER ] array (
  'host' => 'localhost',
  'connection' => 'keep-alive',
  'cache-control' => 'max-age=0',
  'upgrade-insecure-requests' => '1',
  'user-agent' => 'Mozilla/5.0 (Windows NT 6.1; Win64; x64) AppleWebKit/537.36 (KHTML, like Gecko) Chrome/67.0.3396.62 Safari/537.36',
  'accept' => 'text/html,application/xhtml+xml,application/xml;q=0.9,image/webp,image/apng,*/*;q=0.8',
  'referer' => 'http://localhost/www.weixin.com/',
  'accept-encoding' => 'gzip, deflate, br',
  'accept-language' => 'zh-CN,zh;q=0.9',
  'cookie' => 'pgv_pvi=9522552832; pgv_si=s9646210048',
)
[ info ] [ PARAM ] array (
)
[ info ] [ RUN ] app\index\controller\Index->index[ E:\phpstud\WWW\www.weixin.com\application\index\controller\Index.php ]
[ info ] [ DB ] INIT mysql
[ info ] [ LOG ] INIT File
[ sql ] [ DB ] CONNECT:[ UseTime:0.011000s ] mysql:host=127.0.0.1;dbname=mytp;charset=utf8
[ sql ] [ SQL ] SHOW COLUMNS FROM `pingtuan` [ RunTime:0.003001s ]
[ sql ] [ SQL ] SELECT * FROM `pingtuan` WHERE  `id` = 1 LIMIT 1 [ RunTime:0.001000s ]
[ error ] [1]Call to undefined method app\index\controller\Index::fetch()[E:\phpstud\WWW\www.weixin.com\application\index\controller\Index.php:28]
---------------------------------------------------------------
[ 2018-06-12T15:30:50+08:00 ] 0.0.0.0 GET /www.weixin.com/public/
[ info ] localhost/www.weixin.com/public/ [运行时间：0.035002s][吞吐率：28.57req/s] [内存消耗：1,859.61kb] [文件加载：37]
[ info ] [ LANG ] E:\phpstud\WWW\www.weixin.com\thinkphp\lang\zh-cn.php
[ info ] [ ROUTE ] array (
  'type' => 'module',
  'module' => 
  array (
    0 => '',
    1 => NULL,
    2 => NULL,
  ),
)
[ info ] [ HEADER ] array (
  'host' => 'localhost',
  'connection' => 'keep-alive',
  'cache-control' => 'max-age=0',
  'upgrade-insecure-requests' => '1',
  'user-agent' => 'Mozilla/5.0 (Windows NT 6.1; Win64; x64) AppleWebKit/537.36 (KHTML, like Gecko) Chrome/67.0.3396.62 Safari/537.36',
  'accept' => 'text/html,application/xhtml+xml,application/xml;q=0.9,image/webp,image/apng,*/*;q=0.8',
  'referer' => 'http://localhost/www.weixin.com/',
  'accept-encoding' => 'gzip, deflate, br',
  'accept-language' => 'zh-CN,zh;q=0.9',
  'cookie' => 'pgv_pvi=9522552832; pgv_si=s9646210048',
)
[ info ] [ PARAM ] array (
)
[ info ] [ RUN ] app\index\controller\Index->index[ E:\phpstud\WWW\www.weixin.com\application\index\controller\Index.php ]
[ info ] [ DB ] INIT mysql
[ info ] [ LOG ] INIT File
[ sql ] [ DB ] CONNECT:[ UseTime:0.000000s ] mysql:host=127.0.0.1;dbname=mytp;charset=utf8
[ sql ] [ SQL ] SHOW COLUMNS FROM `pingtuan` [ RunTime:0.004000s ]
[ sql ] [ SQL ] SELECT * FROM `pingtuan` WHERE  `id` = 1 LIMIT 1 [ RunTime:0.001000s ]
[ error ] [1]Call to undefined method app\index\controller\Index::fetch()[E:\phpstud\WWW\www.weixin.com\application\index\controller\Index.php:28]
---------------------------------------------------------------
[ 2018-06-12T15:30:50+08:00 ] 0.0.0.0 GET /www.weixin.com/public/
[ info ] localhost/www.weixin.com/public/ [运行时间：0.039002s][吞吐率：25.64req/s] [内存消耗：1,859.61kb] [文件加载：37]
[ info ] [ LANG ] E:\phpstud\WWW\www.weixin.com\thinkphp\lang\zh-cn.php
[ info ] [ ROUTE ] array (
  'type' => 'module',
  'module' => 
  array (
    0 => '',
    1 => NULL,
    2 => NULL,
  ),
)
[ info ] [ HEADER ] array (
  'host' => 'localhost',
  'connection' => 'keep-alive',
  'cache-control' => 'max-age=0',
  'upgrade-insecure-requests' => '1',
  'user-agent' => 'Mozilla/5.0 (Windows NT 6.1; Win64; x64) AppleWebKit/537.36 (KHTML, like Gecko) Chrome/67.0.3396.62 Safari/537.36',
  'accept' => 'text/html,application/xhtml+xml,application/xml;q=0.9,image/webp,image/apng,*/*;q=0.8',
  'referer' => 'http://localhost/www.weixin.com/',
  'accept-encoding' => 'gzip, deflate, br',
  'accept-language' => 'zh-CN,zh;q=0.9',
  'cookie' => 'pgv_pvi=9522552832; pgv_si=s9646210048',
)
[ info ] [ PARAM ] array (
)
[ info ] [ RUN ] app\index\controller\Index->index[ E:\phpstud\WWW\www.weixin.com\application\index\controller\Index.php ]
[ info ] [ DB ] INIT mysql
[ info ] [ LOG ] INIT File
[ sql ] [ DB ] CONNECT:[ UseTime:0.001000s ] mysql:host=127.0.0.1;dbname=mytp;charset=utf8
[ sql ] [ SQL ] SHOW COLUMNS FROM `pingtuan` [ RunTime:0.003001s ]
[ sql ] [ SQL ] SELECT * FROM `pingtuan` WHERE  `id` = 1 LIMIT 1 [ RunTime:0.001000s ]
[ error ] [1]Call to undefined method app\index\controller\Index::fetch()[E:\phpstud\WWW\www.weixin.com\application\index\controller\Index.php:28]
---------------------------------------------------------------
[ 2018-06-12T15:30:56+08:00 ] 0.0.0.0 GET /www.weixin.com/public/
[ info ] localhost/www.weixin.com/public/ [运行时间：0.054004s][吞吐率：18.52req/s] [内存消耗：1,859.35kb] [文件加载：37]
[ info ] [ LANG ] E:\phpstud\WWW\www.weixin.com\thinkphp\lang\zh-cn.php
[ info ] [ ROUTE ] array (
  'type' => 'module',
  'module' => 
  array (
    0 => '',
    1 => NULL,
    2 => NULL,
  ),
)
[ info ] [ HEADER ] array (
  'host' => 'localhost',
  'connection' => 'keep-alive',
  'cache-control' => 'max-age=0',
  'upgrade-insecure-requests' => '1',
  'user-agent' => 'Mozilla/5.0 (Windows NT 6.1; Win64; x64) AppleWebKit/537.36 (KHTML, like Gecko) Chrome/67.0.3396.62 Safari/537.36',
  'accept' => 'text/html,application/xhtml+xml,application/xml;q=0.9,image/webp,image/apng,*/*;q=0.8',
  'referer' => 'http://localhost/www.weixin.com/',
  'accept-encoding' => 'gzip, deflate, br',
  'accept-language' => 'zh-CN,zh;q=0.9',
  'cookie' => 'pgv_pvi=9522552832; pgv_si=s9646210048',
)
[ info ] [ PARAM ] array (
)
[ info ] [ RUN ] app\index\controller\Index->index[ E:\phpstud\WWW\www.weixin.com\application\index\controller\Index.php ]
[ info ] [ DB ] INIT mysql
[ info ] [ LOG ] INIT File
[ sql ] [ DB ] CONNECT:[ UseTime:0.001000s ] mysql:host=127.0.0.1;dbname=mytp;charset=utf8
[ sql ] [ SQL ] SHOW COLUMNS FROM `pingtuan` [ RunTime:0.005000s ]
[ sql ] [ SQL ] SELECT * FROM `pingtuan` WHERE  `id` = 1 LIMIT 1 [ RunTime:0.001000s ]
[ error ] [1]Call to undefined method app\index\controller\Index::fetch()[E:\phpstud\WWW\www.weixin.com\application\index\controller\Index.php:29]
---------------------------------------------------------------
[ 2018-06-12T15:30:56+08:00 ] 0.0.0.0 GET /www.weixin.com/public/
[ info ] localhost/www.weixin.com/public/ [运行时间：0.059003s][吞吐率：16.95req/s] [内存消耗：1,859.35kb] [文件加载：37]
[ info ] [ LANG ] E:\phpstud\WWW\www.weixin.com\thinkphp\lang\zh-cn.php
[ info ] [ ROUTE ] array (
  'type' => 'module',
  'module' => 
  array (
    0 => '',
    1 => NULL,
    2 => NULL,
  ),
)
[ info ] [ HEADER ] array (
  'host' => 'localhost',
  'connection' => 'keep-alive',
  'cache-control' => 'max-age=0',
  'upgrade-insecure-requests' => '1',
  'user-agent' => 'Mozilla/5.0 (Windows NT 6.1; Win64; x64) AppleWebKit/537.36 (KHTML, like Gecko) Chrome/67.0.3396.62 Safari/537.36',
  'accept' => 'text/html,application/xhtml+xml,application/xml;q=0.9,image/webp,image/apng,*/*;q=0.8',
  'referer' => 'http://localhost/www.weixin.com/',
  'accept-encoding' => 'gzip, deflate, br',
  'accept-language' => 'zh-CN,zh;q=0.9',
  'cookie' => 'pgv_pvi=9522552832; pgv_si=s9646210048',
)
[ info ] [ PARAM ] array (
)
[ info ] [ RUN ] app\index\controller\Index->index[ E:\phpstud\WWW\www.weixin.com\application\index\controller\Index.php ]
[ info ] [ DB ] INIT mysql
[ info ] [ LOG ] INIT File
[ sql ] [ DB ] CONNECT:[ UseTime:0.000000s ] mysql:host=127.0.0.1;dbname=mytp;charset=utf8
[ sql ] [ SQL ] SHOW COLUMNS FROM `pingtuan` [ RunTime:0.003000s ]
[ sql ] [ SQL ] SELECT * FROM `pingtuan` WHERE  `id` = 1 LIMIT 1 [ RunTime:0.000000s ]
[ error ] [1]Call to undefined method app\index\controller\Index::fetch()[E:\phpstud\WWW\www.weixin.com\application\index\controller\Index.php:29]
---------------------------------------------------------------
[ 2018-06-12T15:30:56+08:00 ] 0.0.0.0 GET /www.weixin.com/public/
[ info ] localhost/www.weixin.com/public/ [运行时间：0.039002s][吞吐率：25.64req/s] [内存消耗：1,859.35kb] [文件加载：37]
[ info ] [ LANG ] E:\phpstud\WWW\www.weixin.com\thinkphp\lang\zh-cn.php
[ info ] [ ROUTE ] array (
  'type' => 'module',
  'module' => 
  array (
    0 => '',
    1 => NULL,
    2 => NULL,
  ),
)
[ info ] [ HEADER ] array (
  'host' => 'localhost',
  'connection' => 'keep-alive',
  'cache-control' => 'max-age=0',
  'upgrade-insecure-requests' => '1',
  'user-agent' => 'Mozilla/5.0 (Windows NT 6.1; Win64; x64) AppleWebKit/537.36 (KHTML, like Gecko) Chrome/67.0.3396.62 Safari/537.36',
  'accept' => 'text/html,application/xhtml+xml,application/xml;q=0.9,image/webp,image/apng,*/*;q=0.8',
  'referer' => 'http://localhost/www.weixin.com/',
  'accept-encoding' => 'gzip, deflate, br',
  'accept-language' => 'zh-CN,zh;q=0.9',
  'cookie' => 'pgv_pvi=9522552832; pgv_si=s9646210048',
)
[ info ] [ PARAM ] array (
)
[ info ] [ RUN ] app\index\controller\Index->index[ E:\phpstud\WWW\www.weixin.com\application\index\controller\Index.php ]
[ info ] [ DB ] INIT mysql
[ info ] [ LOG ] INIT File
[ sql ] [ DB ] CONNECT:[ UseTime:0.001000s ] mysql:host=127.0.0.1;dbname=mytp;charset=utf8
[ sql ] [ SQL ] SHOW COLUMNS FROM `pingtuan` [ RunTime:0.004000s ]
[ sql ] [ SQL ] SELECT * FROM `pingtuan` WHERE  `id` = 1 LIMIT 1 [ RunTime:0.001001s ]
[ error ] [1]Call to undefined method app\index\controller\Index::fetch()[E:\phpstud\WWW\www.weixin.com\application\index\controller\Index.php:29]
---------------------------------------------------------------
[ 2018-06-12T15:30:56+08:00 ] 0.0.0.0 GET /www.weixin.com/public/
[ info ] localhost/www.weixin.com/public/ [运行时间：0.052003s][吞吐率：19.23req/s] [内存消耗：1,859.35kb] [文件加载：37]
[ info ] [ LANG ] E:\phpstud\WWW\www.weixin.com\thinkphp\lang\zh-cn.php
[ info ] [ ROUTE ] array (
  'type' => 'module',
  'module' => 
  array (
    0 => '',
    1 => NULL,
    2 => NULL,
  ),
)
[ info ] [ HEADER ] array (
  'host' => 'localhost',
  'connection' => 'keep-alive',
  'cache-control' => 'max-age=0',
  'upgrade-insecure-requests' => '1',
  'user-agent' => 'Mozilla/5.0 (Windows NT 6.1; Win64; x64) AppleWebKit/537.36 (KHTML, like Gecko) Chrome/67.0.3396.62 Safari/537.36',
  'accept' => 'text/html,application/xhtml+xml,application/xml;q=0.9,image/webp,image/apng,*/*;q=0.8',
  'referer' => 'http://localhost/www.weixin.com/',
  'accept-encoding' => 'gzip, deflate, br',
  'accept-language' => 'zh-CN,zh;q=0.9',
  'cookie' => 'pgv_pvi=9522552832; pgv_si=s9646210048',
)
[ info ] [ PARAM ] array (
)
[ info ] [ RUN ] app\index\controller\Index->index[ E:\phpstud\WWW\www.weixin.com\application\index\controller\Index.php ]
[ info ] [ DB ] INIT mysql
[ info ] [ LOG ] INIT File
[ sql ] [ DB ] CONNECT:[ UseTime:0.001000s ] mysql:host=127.0.0.1;dbname=mytp;charset=utf8
[ sql ] [ SQL ] SHOW COLUMNS FROM `pingtuan` [ RunTime:0.003001s ]
[ sql ] [ SQL ] SELECT * FROM `pingtuan` WHERE  `id` = 1 LIMIT 1 [ RunTime:0.000000s ]
[ error ] [1]Call to undefined method app\index\controller\Index::fetch()[E:\phpstud\WWW\www.weixin.com\application\index\controller\Index.php:29]
---------------------------------------------------------------
[ 2018-06-12T15:31:09+08:00 ] 0.0.0.0 GET /www.weixin.com/public/
[ info ] localhost/www.weixin.com/public/ [运行时间：0.049003s][吞吐率：20.41req/s] [内存消耗：1,859.27kb] [文件加载：37]
[ info ] [ LANG ] E:\phpstud\WWW\www.weixin.com\thinkphp\lang\zh-cn.php
[ info ] [ ROUTE ] array (
  'type' => 'module',
  'module' => 
  array (
    0 => '',
    1 => NULL,
    2 => NULL,
  ),
)
[ info ] [ HEADER ] array (
  'host' => 'localhost',
  'connection' => 'keep-alive',
  'cache-control' => 'max-age=0',
  'upgrade-insecure-requests' => '1',
  'user-agent' => 'Mozilla/5.0 (Windows NT 6.1; Win64; x64) AppleWebKit/537.36 (KHTML, like Gecko) Chrome/67.0.3396.62 Safari/537.36',
  'accept' => 'text/html,application/xhtml+xml,application/xml;q=0.9,image/webp,image/apng,*/*;q=0.8',
  'referer' => 'http://localhost/www.weixin.com/',
  'accept-encoding' => 'gzip, deflate, br',
  'accept-language' => 'zh-CN,zh;q=0.9',
  'cookie' => 'pgv_pvi=9522552832; pgv_si=s9646210048',
)
[ info ] [ PARAM ] array (
)
[ info ] [ RUN ] app\index\controller\Index->index[ E:\phpstud\WWW\www.weixin.com\application\index\controller\Index.php ]
[ info ] [ DB ] INIT mysql
[ info ] [ LOG ] INIT File
[ sql ] [ DB ] CONNECT:[ UseTime:0.001000s ] mysql:host=127.0.0.1;dbname=mytp;charset=utf8
[ sql ] [ SQL ] SHOW COLUMNS FROM `pingtuan` [ RunTime:0.003000s ]
[ sql ] [ SQL ] SELECT * FROM `pingtuan` WHERE  `id` = 1 LIMIT 1 [ RunTime:0.000000s ]
[ error ] [1]Call to undefined method app\index\controller\Index::fetch()[E:\phpstud\WWW\www.weixin.com\application\index\controller\Index.php:29]
---------------------------------------------------------------
[ 2018-06-12T15:31:11+08:00 ] 0.0.0.0 GET /www.weixin.com/public/
[ info ] localhost/www.weixin.com/public/ [运行时间：0.038002s][吞吐率：26.31req/s] [内存消耗：1,859.27kb] [文件加载：37]
[ info ] [ LANG ] E:\phpstud\WWW\www.weixin.com\thinkphp\lang\zh-cn.php
[ info ] [ ROUTE ] array (
  'type' => 'module',
  'module' => 
  array (
    0 => '',
    1 => NULL,
    2 => NULL,
  ),
)
[ info ] [ HEADER ] array (
  'host' => 'localhost',
  'connection' => 'keep-alive',
  'cache-control' => 'max-age=0',
  'upgrade-insecure-requests' => '1',
  'user-agent' => 'Mozilla/5.0 (Windows NT 6.1; Win64; x64) AppleWebKit/537.36 (KHTML, like Gecko) Chrome/67.0.3396.62 Safari/537.36',
  'accept' => 'text/html,application/xhtml+xml,application/xml;q=0.9,image/webp,image/apng,*/*;q=0.8',
  'referer' => 'http://localhost/www.weixin.com/',
  'accept-encoding' => 'gzip, deflate, br',
  'accept-language' => 'zh-CN,zh;q=0.9',
  'cookie' => 'pgv_pvi=9522552832; pgv_si=s9646210048',
)
[ info ] [ PARAM ] array (
)
[ info ] [ RUN ] app\index\controller\Index->index[ E:\phpstud\WWW\www.weixin.com\application\index\controller\Index.php ]
[ info ] [ DB ] INIT mysql
[ info ] [ LOG ] INIT File
[ sql ] [ DB ] CONNECT:[ UseTime:0.001000s ] mysql:host=127.0.0.1;dbname=mytp;charset=utf8
[ sql ] [ SQL ] SHOW COLUMNS FROM `pingtuan` [ RunTime:0.005001s ]
[ sql ] [ SQL ] SELECT * FROM `pingtuan` WHERE  `id` = 1 LIMIT 1 [ RunTime:0.000000s ]
[ error ] [1]Call to undefined method app\index\controller\Index::fetch()[E:\phpstud\WWW\www.weixin.com\application\index\controller\Index.php:29]
---------------------------------------------------------------
[ 2018-06-12T15:32:06+08:00 ] 0.0.0.0 GET /www.weixin.com/public/
[ info ] localhost/www.weixin.com/public/ [运行时间：0.050003s][吞吐率：20.00req/s] [内存消耗：1,859.18kb] [文件加载：37]
[ info ] [ LANG ] E:\phpstud\WWW\www.weixin.com\thinkphp\lang\zh-cn.php
[ info ] [ ROUTE ] array (
  'type' => 'module',
  'module' => 
  array (
    0 => '',
    1 => NULL,
    2 => NULL,
  ),
)
[ info ] [ HEADER ] array (
  'host' => 'localhost',
  'connection' => 'keep-alive',
  'cache-control' => 'max-age=0',
  'upgrade-insecure-requests' => '1',
  'user-agent' => 'Mozilla/5.0 (Windows NT 6.1; Win64; x64) AppleWebKit/537.36 (KHTML, like Gecko) Chrome/67.0.3396.62 Safari/537.36',
  'accept' => 'text/html,application/xhtml+xml,application/xml;q=0.9,image/webp,image/apng,*/*;q=0.8',
  'referer' => 'http://localhost/www.weixin.com/',
  'accept-encoding' => 'gzip, deflate, br',
  'accept-language' => 'zh-CN,zh;q=0.9',
  'cookie' => 'pgv_pvi=9522552832; pgv_si=s9646210048',
)
[ info ] [ PARAM ] array (
)
[ info ] [ RUN ] app\index\controller\Index->index[ E:\phpstud\WWW\www.weixin.com\application\index\controller\Index.php ]
[ info ] [ DB ] INIT mysql
[ info ] [ LOG ] INIT File
[ sql ] [ DB ] CONNECT:[ UseTime:0.001000s ] mysql:host=127.0.0.1;dbname=mytp;charset=utf8
[ sql ] [ SQL ] SHOW COLUMNS FROM `pingtuan` [ RunTime:0.003000s ]
[ sql ] [ SQL ] SELECT * FROM `pingtuan` WHERE  `id` = 1 LIMIT 1 [ RunTime:0.001000s ]
[ error ] [1]Call to undefined method app\index\controller\Index::fetch()[E:\phpstud\WWW\www.weixin.com\application\index\controller\Index.php:28]
---------------------------------------------------------------
[ 2018-06-12T15:33:31+08:00 ] 0.0.0.0 GET /www.weixin.com/public/
[ info ] localhost/www.weixin.com/public/ [运行时间：0.056003s][吞吐率：17.86req/s] [内存消耗：1,859.18kb] [文件加载：37]
[ info ] [ LANG ] E:\phpstud\WWW\www.weixin.com\thinkphp\lang\zh-cn.php
[ info ] [ ROUTE ] array (
  'type' => 'module',
  'module' => 
  array (
    0 => '',
    1 => NULL,
    2 => NULL,
  ),
)
[ info ] [ HEADER ] array (
  'host' => 'localhost',
  'connection' => 'keep-alive',
  'cache-control' => 'max-age=0',
  'upgrade-insecure-requests' => '1',
  'user-agent' => 'Mozilla/5.0 (Windows NT 6.1; Win64; x64) AppleWebKit/537.36 (KHTML, like Gecko) Chrome/67.0.3396.62 Safari/537.36',
  'accept' => 'text/html,application/xhtml+xml,application/xml;q=0.9,image/webp,image/apng,*/*;q=0.8',
  'referer' => 'http://localhost/www.weixin.com/',
  'accept-encoding' => 'gzip, deflate, br',
  'accept-language' => 'zh-CN,zh;q=0.9',
  'cookie' => 'pgv_pvi=9522552832; pgv_si=s9646210048',
)
[ info ] [ PARAM ] array (
)
[ info ] [ RUN ] app\index\controller\Index->index[ E:\phpstud\WWW\www.weixin.com\application\index\controller\Index.php ]
[ info ] [ DB ] INIT mysql
[ info ] [ LOG ] INIT File
[ sql ] [ DB ] CONNECT:[ UseTime:0.001001s ] mysql:host=127.0.0.1;dbname=mytp;charset=utf8
[ sql ] [ SQL ] SHOW COLUMNS FROM `pingtuan` [ RunTime:0.005000s ]
[ sql ] [ SQL ] SELECT * FROM `pingtuan` WHERE  `id` = 1 LIMIT 1 [ RunTime:0.001000s ]
[ error ] [1]Call to undefined method app\index\controller\Index::fetch()[E:\phpstud\WWW\www.weixin.com\application\index\controller\Index.php:28]
---------------------------------------------------------------
[ 2018-06-12T15:34:52+08:00 ] 0.0.0.0 GET /www.weixin.com/public/
[ info ] localhost/www.weixin.com/public/ [运行时间：0.068004s][吞吐率：14.70req/s] [内存消耗：2,305.44kb] [文件加载：42]
[ info ] [ LANG ] E:\phpstud\WWW\www.weixin.com\thinkphp\lang\zh-cn.php
[ info ] [ ROUTE ] array (
  'type' => 'module',
  'module' => 
  array (
    0 => '',
    1 => NULL,
    2 => NULL,
  ),
)
[ info ] [ HEADER ] array (
  'host' => 'localhost',
  'connection' => 'keep-alive',
  'cache-control' => 'max-age=0',
  'upgrade-insecure-requests' => '1',
  'user-agent' => 'Mozilla/5.0 (Windows NT 6.1; Win64; x64) AppleWebKit/537.36 (KHTML, like Gecko) Chrome/67.0.3396.62 Safari/537.36',
  'accept' => 'text/html,application/xhtml+xml,application/xml;q=0.9,image/webp,image/apng,*/*;q=0.8',
  'referer' => 'http://localhost/www.weixin.com/',
  'accept-encoding' => 'gzip, deflate, br',
  'accept-language' => 'zh-CN,zh;q=0.9',
  'cookie' => 'pgv_pvi=9522552832; pgv_si=s9646210048',
)
[ info ] [ PARAM ] array (
)
[ info ] [ RUN ] app\index\controller\Index->index[ E:\phpstud\WWW\www.weixin.com\application\index\controller\Index.php ]
[ info ] [ DB ] INIT mysql
[ info ] [ VIEW ] E:\phpstud\WWW\www.weixin.com\public/../application/index\view\index\index.html [ array (
) ]
[ info ] [ LOG ] INIT File
[ sql ] [ DB ] CONNECT:[ UseTime:0.010000s ] mysql:host=127.0.0.1;dbname=mytp;charset=utf8
[ sql ] [ SQL ] SHOW COLUMNS FROM `pingtuan` [ RunTime:0.003000s ]
[ sql ] [ SQL ] SELECT * FROM `pingtuan` WHERE  `id` = 1 LIMIT 1 [ RunTime:0.000000s ]
---------------------------------------------------------------
[ 2018-06-12T15:34:52+08:00 ] 0.0.0.0 GET /www.weixin.com/public/data/style.css
[ info ] localhost/www.weixin.com/public/data/style.css [运行时间：0.020001s][吞吐率：50.00req/s] [内存消耗：1,048.76kb] [文件加载：28]
[ info ] [ LANG ] E:\phpstud\WWW\www.weixin.com\thinkphp\lang\zh-cn.php
[ info ] [ ROUTE ] array (
  'type' => 'module',
  'module' => 
  array (
    0 => 'data',
    1 => 'style.css',
    2 => NULL,
  ),
)
[ info ] [ HEADER ] array (
  'host' => 'localhost',
  'connection' => 'keep-alive',
  'user-agent' => 'Mozilla/5.0 (Windows NT 6.1; Win64; x64) AppleWebKit/537.36 (KHTML, like Gecko) Chrome/67.0.3396.62 Safari/537.36',
  'accept' => 'text/css,*/*;q=0.1',
  'referer' => 'http://localhost/www.weixin.com/public/',
  'accept-encoding' => 'gzip, deflate, br',
  'accept-language' => 'zh-CN,zh;q=0.9',
  'cookie' => 'pgv_pvi=9522552832; pgv_si=s9646210048',
)
[ info ] [ PARAM ] array (
)
[ info ] [ LOG ] INIT File
---------------------------------------------------------------
[ 2018-06-12T15:34:52+08:00 ] 0.0.0.0 GET /www.weixin.com/public/data/bind_polyfill.js
[ info ] localhost/www.weixin.com/public/data/bind_polyfill.js [运行时间：0.022001s][吞吐率：45.45req/s] [内存消耗：1,048.76kb] [文件加载：28]
[ info ] [ LANG ] E:\phpstud\WWW\www.weixin.com\thinkphp\lang\zh-cn.php
[ info ] [ ROUTE ] array (
  'type' => 'module',
  'module' => 
  array (
    0 => 'data',
    1 => 'bind_polyfill.js',
    2 => NULL,
  ),
)
[ info ] [ HEADER ] array (
  'host' => 'localhost',
  'connection' => 'keep-alive',
  'user-agent' => 'Mozilla/5.0 (Windows NT 6.1; Win64; x64) AppleWebKit/537.36 (KHTML, like Gecko) Chrome/67.0.3396.62 Safari/537.36',
  'accept' => '*/*',
  'referer' => 'http://localhost/www.weixin.com/public/',
  'accept-encoding' => 'gzip, deflate, br',
  'accept-language' => 'zh-CN,zh;q=0.9',
  'cookie' => 'pgv_pvi=9522552832; pgv_si=s9646210048',
)
[ info ] [ PARAM ] array (
)
[ info ] [ LOG ] INIT File
---------------------------------------------------------------
[ 2018-06-12T15:39:15+08:00 ] 0.0.0.0 GET /www.weixin.com/public/
[ info ] localhost/www.weixin.com/public/ [运行时间：0.064004s][吞吐率：15.62req/s] [内存消耗：2,106.13kb] [文件加载：40]
[ info ] [ LANG ] E:\phpstud\WWW\www.weixin.com\thinkphp\lang\zh-cn.php
[ info ] [ ROUTE ] array (
  'type' => 'module',
  'module' => 
  array (
    0 => '',
    1 => NULL,
    2 => NULL,
  ),
)
[ info ] [ HEADER ] array (
  'host' => 'localhost',
  'connection' => 'keep-alive',
  'cache-control' => 'max-age=0',
  'upgrade-insecure-requests' => '1',
  'user-agent' => 'Mozilla/5.0 (Windows NT 6.1; Win64; x64) AppleWebKit/537.36 (KHTML, like Gecko) Chrome/67.0.3396.62 Safari/537.36',
  'accept' => 'text/html,application/xhtml+xml,application/xml;q=0.9,image/webp,image/apng,*/*;q=0.8',
  'referer' => 'http://localhost/www.weixin.com/',
  'accept-encoding' => 'gzip, deflate, br',
  'accept-language' => 'zh-CN,zh;q=0.9',
  'cookie' => 'pgv_pvi=9522552832; pgv_si=s9646210048',
)
[ info ] [ PARAM ] array (
)
[ info ] [ RUN ] app\index\controller\Index->index[ E:\phpstud\WWW\www.weixin.com\application\index\controller\Index.php ]
[ info ] [ DB ] INIT mysql
[ info ] [ VIEW ] E:\phpstud\WWW\www.weixin.com\public/../application/index\view\index\index.html [ array (
) ]
[ info ] [ LOG ] INIT File
[ sql ] [ DB ] CONNECT:[ UseTime:0.011001s ] mysql:host=127.0.0.1;dbname=mytp;charset=utf8
[ sql ] [ SQL ] SHOW COLUMNS FROM `pingtuan` [ RunTime:0.004000s ]
[ sql ] [ SQL ] SELECT * FROM `pingtuan` WHERE  `id` = 1 LIMIT 1 [ RunTime:0.000000s ]
---------------------------------------------------------------
[ 2018-06-12T15:39:15+08:00 ] 0.0.0.0 GET /www.weixin.com/public/data/style.css
[ info ] localhost/www.weixin.com/public/data/style.css [运行时间：0.026001s][吞吐率：38.46req/s] [内存消耗：1,048.76kb] [文件加载：28]
[ info ] [ LANG ] E:\phpstud\WWW\www.weixin.com\thinkphp\lang\zh-cn.php
[ info ] [ ROUTE ] array (
  'type' => 'module',
  'module' => 
  array (
    0 => 'data',
    1 => 'style.css',
    2 => NULL,
  ),
)
[ info ] [ HEADER ] array (
  'host' => 'localhost',
  'connection' => 'keep-alive',
  'user-agent' => 'Mozilla/5.0 (Windows NT 6.1; Win64; x64) AppleWebKit/537.36 (KHTML, like Gecko) Chrome/67.0.3396.62 Safari/537.36',
  'accept' => 'text/css,*/*;q=0.1',
  'referer' => 'http://localhost/www.weixin.com/public/',
  'accept-encoding' => 'gzip, deflate, br',
  'accept-language' => 'zh-CN,zh;q=0.9',
  'cookie' => 'pgv_pvi=9522552832; pgv_si=s9646210048',
)
[ info ] [ PARAM ] array (
)
[ info ] [ LOG ] INIT File
---------------------------------------------------------------
[ 2018-06-12T15:39:15+08:00 ] 0.0.0.0 GET /www.weixin.com/public/data/bind_polyfill.js
[ info ] localhost/www.weixin.com/public/data/bind_polyfill.js [运行时间：0.022001s][吞吐率：45.45req/s] [内存消耗：1,048.76kb] [文件加载：28]
[ info ] [ LANG ] E:\phpstud\WWW\www.weixin.com\thinkphp\lang\zh-cn.php
[ info ] [ ROUTE ] array (
  'type' => 'module',
  'module' => 
  array (
    0 => 'data',
    1 => 'bind_polyfill.js',
    2 => NULL,
  ),
)
[ info ] [ HEADER ] array (
  'host' => 'localhost',
  'connection' => 'keep-alive',
  'user-agent' => 'Mozilla/5.0 (Windows NT 6.1; Win64; x64) AppleWebKit/537.36 (KHTML, like Gecko) Chrome/67.0.3396.62 Safari/537.36',
  'accept' => '*/*',
  'referer' => 'http://localhost/www.weixin.com/public/',
  'accept-encoding' => 'gzip, deflate, br',
  'accept-language' => 'zh-CN,zh;q=0.9',
  'cookie' => 'pgv_pvi=9522552832; pgv_si=s9646210048',
)
[ info ] [ PARAM ] array (
)
[ info ] [ LOG ] INIT File
