---------------------------------------------------------------
[ 2018-06-14T17:11:59+08:00 ] 0.0.0.0 GET /classmate/public/
[ info ] localhost/classmate/public/ [运行时间：1.001057s][吞吐率：1.00req/s] [内存消耗：2,093.91kb] [文件加载：39]
[ info ] [ LANG ] E:\phpstud\WWW\classmate\thinkphp\lang\zh-cn.php
[ info ] [ ROUTE ] array (
  'type' => 'module',
  'module' => 
  array (
    0 => '',
    1 => NULL,
    2 => NULL,
  ),
)
[ info ] [ HEADER ] array (
  'host' => 'localhost',
  'connection' => 'keep-alive',
  'cache-control' => 'max-age=0',
  'upgrade-insecure-requests' => '1',
  'user-agent' => 'Mozilla/5.0 (Windows NT 6.1; Win64; x64) AppleWebKit/537.36 (KHTML, like Gecko) Chrome/67.0.3396.62 Safari/537.36',
  'accept' => 'text/html,application/xhtml+xml,application/xml;q=0.9,image/webp,image/apng,*/*;q=0.8',
  'referer' => 'http://localhost/classmate/',
  'accept-encoding' => 'gzip, deflate, br',
  'accept-language' => 'zh-CN,zh;q=0.9',
  'cookie' => 'pgv_pvi=9522552832; a46b___wxappversionids=%7B%222%22%3A%7B%22uniacid%22%3A2%2C%22version_id%22%3A1%7D%7D; DBSESSIONID=806feiqpfmshou9pevpr6ug5l5; _csrf=d05a01873d78f507cd40b03f1b08addcb361d984e91a923ab726aa5d216398e7a%3A2%3A%7Bi%3A0%3Bs%3A5%3A%22_csrf%22%3Bi%3A1%3Bs%3A32%3A%22%93%C4%5D%C7%0E%00%BA%19%A41%E5%A6%85%23%E1%E8-%0F%EBL%85%2B%EC%F8%95%DB%18PW%849Y%22%3B%7D; a46b_module_status:store=%7B%22upgrade%22%3A%7B%22upgrade%22%3A0%7D%2C%22ban%22%3A0%7D; PHPSESSID=a5pp829pdrkrbvflh10d5iocn2; a46b___code=ec72e1eaae96d32829f0aa100eaffaae; a46b___lastvisit_2=2%2Chttp%3A//localhost/www.kuangjia/web/index.php%3Fc%3Duser%26a%3Dlogin; a46b___uniacid=2; a46b___uid=1; a46b___session=7a23XtGg9vSJ2InAC%2FjO9v6qSjUB7TFYGNkV7A9x8VQz5CX1yGHvrLuiOQp3mb7HY5PCf1Japa6V0M6SzdHKQebO3%2BaJK5r5HnzEGEXn%2BeGYeafcZ9rqOlajC1VOnNSNfIqcPxZghp%2BNuTuvQRBHK9nzRbFkyDpnLHF33IDYdQE; a46b___switch=TFs48; a46b___lastvisit_1=2%2Chttp%3A//localhost/www.kuangjia/web/index.php%3Fc%3Daccount%26a%3Ddisplay; a46b___notice=1528987080; a46b_message=%7B%22title%22%3Anull%2C%22msg%22%3A%22%25E6%25AC%25A2%25E8%25BF%258E%25E5%259B%259E%25E6%259D%25A5%22%2C%22type%22%3A%22success%22%2C%22redirect%22%3A%22http%3A%2F%2Flocalhost%2Fwww.kuangjia%2F.%2F%22%2C%22extend%22%3A%22%22%7D',
)
[ info ] [ PARAM ] array (
)
[ info ] [ RUN ] app\index\controller\Index->index[ E:\phpstud\WWW\classmate\application\index\controller\Index.php ]
[ info ] [ DB ] INIT mysql
[ info ] [ LOG ] INIT File
[ sql ] [ DB ] CONNECT:[ UseTime:0.010000s ] mysql:host=127.0.0.1;dbname=mytp;charset=utf8
[ sql ] [ SQL ] SHOW COLUMNS FROM `pingtuan` [ RunTime:0.017001s ]
[ sql ] [ SQL ] SELECT * FROM `pingtuan` WHERE  `id` = 1 LIMIT 1 [ RunTime:0.001000s ]
